<?xml version="1.0" encoding="UTF-8"?>
<!-- Generated by org.testng.reporters.JUnitReportReporter -->
<testsuite skipped="0" hostname="Prateek" name="com.qa.testcases.ProfilePageTest" tests="4" failures="0" timestamp="13 Feb 2019 16:31:05 GMT" time="250.396" errors="0">
  <testcase name="profilePageTest" time="61.246" classname="com.qa.testcases.ProfilePageTest"/>
  <testcase name="getEmailAddress" time="67.879" classname="com.qa.testcases.ProfilePageTest"/>
  <testcase name="validateMobileNumber" time="56.758" classname="com.qa.testcases.ProfilePageTest"/>
  <testcase name="takeScreenshot" time="64.513" classname="com.qa.testcases.ProfilePageTest"/>
</testsuite> <!-- com.qa.testcases.ProfilePageTest -->
