<?xml version="1.0" encoding="UTF-8"?>
<!-- Generated by org.testng.reporters.JUnitReportReporter -->
<testsuite skipped="0" hostname="Prateek" name="com.qa.testcases.HomePageTest" tests="1" failures="0" timestamp="13 Feb 2019 16:52:15 GMT" time="70.354" errors="0">
  <testcase name="homePageTest" time="70.354" classname="com.qa.testcases.HomePageTest"/>
</testsuite> <!-- com.qa.testcases.HomePageTest -->
