<?xml version="1.0" encoding="UTF-8"?>
<!-- Generated by org.testng.reporters.JUnitReportReporter -->
<testsuite skipped="0" hostname="Prateek" name="com.qa.testcases.LoginPageTest" tests="1" failures="0" timestamp="13 Feb 2019 15:17:40 GMT" time="45.082" errors="0">
  <testcase name="loginPageTest" time="45.082" classname="com.qa.testcases.LoginPageTest"/>
</testsuite> <!-- com.qa.testcases.LoginPageTest -->
