<?xml version="1.0" encoding="UTF-8"?>
<!-- Generated by org.testng.reporters.JUnitReportReporter -->
<testsuite skipped="0" hostname="Prateek" name="com.qa.testcases.ServicePageTest" tests="4" failures="0" timestamp="13 Feb 2019 16:39:56 GMT" time="251.993" errors="0">
  <testcase name="servicePageTest" time="58.446" classname="com.qa.testcases.ServicePageTest"/>
  <testcase name="EpatButtonClick" time="59.434" classname="com.qa.testcases.ServicePageTest"/>
  <testcase name="quantraButtonClick" time="62.405" classname="com.qa.testcases.ServicePageTest"/>
  <testcase name="logOutTest" time="71.708" classname="com.qa.testcases.ServicePageTest"/>
</testsuite> <!-- com.qa.testcases.ServicePageTest -->
